# StreamVersion 1.2
EnterEvent 911 650 0 0 0 0 0
MouseMoveEvent 911 650 0 0 0 0 0
MouseMoveEvent 863 631 0 0 0 0 0
MouseMoveEvent 706 569 0 0 0 0 0
MouseMoveEvent 663 550 0 0 0 0 0
MouseMoveEvent 586 514 0 0 0 0 0
MouseMoveEvent 558 502 0 0 0 0 0
MouseMoveEvent 502 477 0 0 0 0 0
MouseMoveEvent 486 469 0 0 0 0 0
MouseMoveEvent 450 456 0 0 0 0 0
MouseMoveEvent 443 452 0 0 0 0 0
MouseMoveEvent 425 444 0 0 0 0 0
MouseMoveEvent 415 440 0 0 0 0 0
MouseMoveEvent 407 438 0 0 0 0 0
MouseMoveEvent 401 438 0 0 0 0 0
LeftButtonPressEvent 401 438 0 0 0 0 0
StartInteractionEvent 401 438 0 0 0 0 0
LeftButtonReleaseEvent 401 438 0 0 0 0 0
EndInteractionEvent 401 438 0 0 0 0 0
RenderEvent 401 438 0 0 0 0 0
MouseMoveEvent 401 436 0 0 0 0 0
MouseMoveEvent 401 436 0 0 0 0 0
MouseMoveEvent 401 435 0 0 0 0 0
MouseMoveEvent 401 435 0 0 0 0 0
MouseMoveEvent 401 432 0 0 0 0 0
MouseMoveEvent 401 432 0 0 0 0 0
MouseMoveEvent 401 429 0 0 0 0 0
MouseMoveEvent 401 429 0 0 0 0 0
MouseMoveEvent 401 424 0 0 0 0 0
MouseMoveEvent 401 424 0 0 0 0 0
MouseMoveEvent 401 419 0 0 0 0 0
MouseMoveEvent 401 419 0 0 0 0 0
MouseMoveEvent 401 416 0 0 0 0 0
MouseMoveEvent 401 416 0 0 0 0 0
MouseMoveEvent 401 409 0 0 0 0 0
MouseMoveEvent 401 409 0 0 0 0 0
MouseMoveEvent 400 404 0 0 0 0 0
MouseMoveEvent 400 404 0 0 0 0 0
MouseMoveEvent 398 400 0 0 0 0 0
MouseMoveEvent 398 400 0 0 0 0 0
MouseMoveEvent 398 396 0 0 0 0 0
MouseMoveEvent 398 396 0 0 0 0 0
MouseMoveEvent 397 391 0 0 0 0 0
MouseMoveEvent 397 391 0 0 0 0 0
MouseMoveEvent 395 384 0 0 0 0 0
MouseMoveEvent 395 384 0 0 0 0 0
MouseMoveEvent 394 378 0 0 0 0 0
MouseMoveEvent 394 378 0 0 0 0 0
MouseMoveEvent 392 373 0 0 0 0 0
MouseMoveEvent 392 373 0 0 0 0 0
MouseMoveEvent 391 367 0 0 0 0 0
MouseMoveEvent 391 367 0 0 0 0 0
MouseMoveEvent 390 363 0 0 0 0 0
MouseMoveEvent 390 363 0 0 0 0 0
MouseMoveEvent 388 357 0 0 0 0 0
MouseMoveEvent 388 357 0 0 0 0 0
MouseMoveEvent 387 351 0 0 0 0 0
MouseMoveEvent 387 351 0 0 0 0 0
MouseMoveEvent 386 345 0 0 0 0 0
MouseMoveEvent 386 345 0 0 0 0 0
MouseMoveEvent 384 339 0 0 0 0 0
MouseMoveEvent 384 339 0 0 0 0 0
MouseMoveEvent 382 333 0 0 0 0 0
MouseMoveEvent 382 333 0 0 0 0 0
MouseMoveEvent 381 327 0 0 0 0 0
MouseMoveEvent 381 327 0 0 0 0 0
MouseMoveEvent 379 324 0 0 0 0 0
MouseMoveEvent 379 324 0 0 0 0 0
MouseMoveEvent 376 316 0 0 0 0 0
MouseMoveEvent 376 316 0 0 0 0 0
MouseMoveEvent 375 310 0 0 0 0 0
MouseMoveEvent 375 310 0 0 0 0 0
MouseMoveEvent 373 307 0 0 0 0 0
MouseMoveEvent 373 307 0 0 0 0 0
MouseMoveEvent 371 301 0 0 0 0 0
MouseMoveEvent 371 301 0 0 0 0 0
MouseMoveEvent 368 296 0 0 0 0 0
MouseMoveEvent 368 296 0 0 0 0 0
MouseMoveEvent 367 292 0 0 0 0 0
MouseMoveEvent 367 292 0 0 0 0 0
MouseMoveEvent 364 288 0 0 0 0 0
MouseMoveEvent 364 288 0 0 0 0 0
MouseMoveEvent 363 284 0 0 0 0 0
MouseMoveEvent 363 284 0 0 0 0 0
MouseMoveEvent 361 281 0 0 0 0 0
MouseMoveEvent 361 281 0 0 0 0 0
MouseMoveEvent 359 278 0 0 0 0 0
MouseMoveEvent 359 278 0 0 0 0 0
MouseMoveEvent 358 276 0 0 0 0 0
MouseMoveEvent 358 276 0 0 0 0 0
MouseMoveEvent 357 274 0 0 0 0 0
MouseMoveEvent 357 274 0 0 0 0 0
MouseMoveEvent 355 272 0 0 0 0 0
MouseMoveEvent 355 272 0 0 0 0 0
MouseMoveEvent 353 270 0 0 0 0 0
MouseMoveEvent 353 270 0 0 0 0 0
MouseMoveEvent 352 268 0 0 0 0 0
MouseMoveEvent 352 268 0 0 0 0 0
MouseMoveEvent 351 266 0 0 0 0 0
MouseMoveEvent 351 266 0 0 0 0 0
MouseMoveEvent 350 264 0 0 0 0 0
MouseMoveEvent 350 264 0 0 0 0 0
MouseMoveEvent 348 262 0 0 0 0 0
MouseMoveEvent 348 262 0 0 0 0 0
MouseMoveEvent 347 260 0 0 0 0 0
MouseMoveEvent 347 260 0 0 0 0 0
MouseMoveEvent 346 258 0 0 0 0 0
MouseMoveEvent 346 258 0 0 0 0 0
MouseMoveEvent 344 256 0 0 0 0 0
MouseMoveEvent 344 256 0 0 0 0 0
MouseMoveEvent 343 253 0 0 0 0 0
MouseMoveEvent 343 253 0 0 0 0 0
MouseMoveEvent 341 251 0 0 0 0 0
MouseMoveEvent 341 251 0 0 0 0 0
MouseMoveEvent 340 249 0 0 0 0 0
MouseMoveEvent 340 249 0 0 0 0 0
MouseMoveEvent 339 247 0 0 0 0 0
MouseMoveEvent 339 247 0 0 0 0 0
MouseMoveEvent 337 245 0 0 0 0 0
MouseMoveEvent 337 245 0 0 0 0 0
MouseMoveEvent 336 244 0 0 0 0 0
MouseMoveEvent 336 244 0 0 0 0 0
MouseMoveEvent 335 242 0 0 0 0 0
MouseMoveEvent 335 242 0 0 0 0 0
MouseMoveEvent 334 241 0 0 0 0 0
MouseMoveEvent 334 241 0 0 0 0 0
MouseMoveEvent 333 241 0 0 0 0 0
MouseMoveEvent 333 241 0 0 0 0 0
MouseMoveEvent 333 240 0 0 0 0 0
MouseMoveEvent 333 240 0 0 0 0 0
MouseMoveEvent 332 239 0 0 0 0 0
MouseMoveEvent 332 239 0 0 0 0 0
MouseMoveEvent 332 239 0 0 0 0 0
MouseMoveEvent 332 239 0 0 0 0 0
MouseMoveEvent 332 238 0 0 0 0 0
MouseMoveEvent 332 238 0 0 0 0 0
MouseMoveEvent 331 238 0 0 0 0 0
MouseMoveEvent 331 238 0 0 0 0 0
MouseMoveEvent 331 238 0 0 0 0 0
MouseMoveEvent 331 238 0 0 0 0 0
MouseMoveEvent 331 237 0 0 0 0 0
MouseMoveEvent 331 237 0 0 0 0 0
MouseMoveEvent 330 237 0 0 0 0 0
MouseMoveEvent 330 237 0 0 0 0 0
MouseMoveEvent 330 237 0 0 0 0 0
MouseMoveEvent 330 237 0 0 0 0 0
MouseMoveEvent 330 236 0 0 0 0 0
MouseMoveEvent 330 236 0 0 0 0 0
MouseMoveEvent 329 236 0 0 0 0 0
MouseMoveEvent 329 236 0 0 0 0 0
MouseMoveEvent 328 235 0 0 0 0 0
MouseMoveEvent 328 235 0 0 0 0 0
MouseMoveEvent 328 235 0 0 0 0 0
MouseMoveEvent 328 235 0 0 0 0 0
MouseMoveEvent 327 234 0 0 0 0 0
MouseMoveEvent 327 234 0 0 0 0 0
MouseMoveEvent 327 233 0 0 0 0 0
MouseMoveEvent 327 233 0 0 0 0 0
MouseMoveEvent 326 231 0 0 0 0 0
MouseMoveEvent 326 231 0 0 0 0 0
MouseMoveEvent 325 230 0 0 0 0 0
MouseMoveEvent 325 230 0 0 0 0 0
MouseMoveEvent 324 229 0 0 0 0 0
MouseMoveEvent 324 229 0 0 0 0 0
MouseMoveEvent 324 227 0 0 0 0 0
MouseMoveEvent 324 227 0 0 0 0 0
MouseMoveEvent 323 225 0 0 0 0 0
MouseMoveEvent 323 225 0 0 0 0 0
MouseMoveEvent 321 223 0 0 0 0 0
MouseMoveEvent 321 223 0 0 0 0 0
MouseMoveEvent 321 221 0 0 0 0 0
MouseMoveEvent 321 221 0 0 0 0 0
MouseMoveEvent 320 220 0 0 0 0 0
MouseMoveEvent 320 220 0 0 0 0 0
MouseMoveEvent 318 218 0 0 0 0 0
MouseMoveEvent 318 218 0 0 0 0 0
MouseMoveEvent 317 217 0 0 0 0 0
MouseMoveEvent 317 217 0 0 0 0 0
MouseMoveEvent 317 215 0 0 0 0 0
MouseMoveEvent 317 215 0 0 0 0 0
MouseMoveEvent 315 215 0 0 0 0 0
MouseMoveEvent 315 215 0 0 0 0 0
MouseMoveEvent 314 213 0 0 0 0 0
MouseMoveEvent 314 213 0 0 0 0 0
MouseMoveEvent 313 213 0 0 0 0 0
MouseMoveEvent 313 213 0 0 0 0 0
MouseMoveEvent 312 212 0 0 0 0 0
MouseMoveEvent 312 212 0 0 0 0 0
MouseMoveEvent 311 211 0 0 0 0 0
MouseMoveEvent 311 211 0 0 0 0 0
MouseMoveEvent 310 211 0 0 0 0 0
MouseMoveEvent 310 211 0 0 0 0 0
MouseMoveEvent 309 210 0 0 0 0 0
MouseMoveEvent 309 210 0 0 0 0 0
MouseMoveEvent 308 210 0 0 0 0 0
MouseMoveEvent 308 210 0 0 0 0 0
MouseMoveEvent 307 209 0 0 0 0 0
MouseMoveEvent 307 209 0 0 0 0 0
MouseMoveEvent 306 208 0 0 0 0 0
MouseMoveEvent 306 208 0 0 0 0 0
MouseMoveEvent 304 208 0 0 0 0 0
MouseMoveEvent 304 208 0 0 0 0 0
MouseMoveEvent 303 207 0 0 0 0 0
MouseMoveEvent 303 207 0 0 0 0 0
MouseMoveEvent 302 206 0 0 0 0 0
MouseMoveEvent 302 206 0 0 0 0 0
MouseMoveEvent 301 206 0 0 0 0 0
MouseMoveEvent 301 206 0 0 0 0 0
MouseMoveEvent 299 204 0 0 0 0 0
MouseMoveEvent 299 204 0 0 0 0 0
MouseMoveEvent 298 204 0 0 0 0 0
MouseMoveEvent 298 204 0 0 0 0 0
MouseMoveEvent 297 203 0 0 0 0 0
MouseMoveEvent 297 203 0 0 0 0 0
MouseMoveEvent 296 202 0 0 0 0 0
MouseMoveEvent 296 202 0 0 0 0 0
MouseMoveEvent 295 201 0 0 0 0 0
MouseMoveEvent 295 201 0 0 0 0 0
MouseMoveEvent 293 200 0 0 0 0 0
MouseMoveEvent 293 200 0 0 0 0 0
MouseMoveEvent 292 199 0 0 0 0 0
MouseMoveEvent 292 199 0 0 0 0 0
MouseMoveEvent 291 199 0 0 0 0 0
MouseMoveEvent 291 199 0 0 0 0 0
MouseMoveEvent 290 197 0 0 0 0 0
MouseMoveEvent 290 197 0 0 0 0 0
MouseMoveEvent 289 196 0 0 0 0 0
MouseMoveEvent 289 196 0 0 0 0 0
MouseMoveEvent 288 195 0 0 0 0 0
MouseMoveEvent 288 195 0 0 0 0 0
MouseMoveEvent 287 194 0 0 0 0 0
MouseMoveEvent 287 194 0 0 0 0 0
MouseMoveEvent 286 192 0 0 0 0 0
MouseMoveEvent 286 192 0 0 0 0 0
MouseMoveEvent 285 190 0 0 0 0 0
MouseMoveEvent 285 190 0 0 0 0 0
MouseMoveEvent 284 188 0 0 0 0 0
MouseMoveEvent 284 188 0 0 0 0 0
MouseMoveEvent 283 187 0 0 0 0 0
MouseMoveEvent 283 187 0 0 0 0 0
MouseMoveEvent 281 185 0 0 0 0 0
MouseMoveEvent 281 185 0 0 0 0 0
MouseMoveEvent 280 184 0 0 0 0 0
MouseMoveEvent 280 184 0 0 0 0 0
MouseMoveEvent 280 182 0 0 0 0 0
MouseMoveEvent 280 182 0 0 0 0 0
MouseMoveEvent 279 182 0 0 0 0 0
MouseMoveEvent 279 182 0 0 0 0 0
MouseMoveEvent 279 181 0 0 0 0 0
MouseMoveEvent 279 181 0 0 0 0 0
MouseMoveEvent 279 181 0 0 0 0 0
MouseMoveEvent 279 181 0 0 0 0 0
MouseMoveEvent 278 181 0 0 0 0 0
MouseMoveEvent 278 181 0 0 0 0 0
MouseMoveEvent 278 181 0 0 0 0 0
MouseMoveEvent 278 181 0 0 0 0 0
MouseMoveEvent 278 184 0 0 0 0 0
MouseMoveEvent 278 184 0 0 0 0 0
MouseMoveEvent 278 188 0 0 0 0 0
MouseMoveEvent 278 188 0 0 0 0 0
MouseMoveEvent 278 190 0 0 0 0 0
MouseMoveEvent 278 190 0 0 0 0 0
MouseMoveEvent 278 194 0 0 0 0 0
MouseMoveEvent 278 194 0 0 0 0 0
MouseMoveEvent 278 198 0 0 0 0 0
MouseMoveEvent 278 198 0 0 0 0 0
MouseMoveEvent 278 202 0 0 0 0 0
MouseMoveEvent 278 202 0 0 0 0 0
MouseMoveEvent 278 205 0 0 0 0 0
MouseMoveEvent 278 205 0 0 0 0 0
MouseMoveEvent 278 207 0 0 0 0 0
MouseMoveEvent 278 207 0 0 0 0 0
MouseMoveEvent 278 209 0 0 0 0 0
MouseMoveEvent 278 209 0 0 0 0 0
MouseMoveEvent 278 211 0 0 0 0 0
MouseMoveEvent 278 211 0 0 0 0 0
MouseMoveEvent 278 212 0 0 0 0 0
MouseMoveEvent 278 212 0 0 0 0 0
MouseMoveEvent 278 213 0 0 0 0 0
MouseMoveEvent 278 213 0 0 0 0 0
MouseMoveEvent 278 213 0 0 0 0 0
MouseMoveEvent 278 213 0 0 0 0 0
MouseMoveEvent 278 214 0 0 0 0 0
MouseMoveEvent 278 214 0 0 0 0 0
MouseMoveEvent 278 214 0 0 0 0 0
MouseMoveEvent 278 214 0 0 0 0 0
MouseMoveEvent 278 215 0 0 0 0 0
MouseMoveEvent 278 215 0 0 0 0 0
MouseMoveEvent 278 216 0 0 0 0 0
MouseMoveEvent 278 216 0 0 0 0 0
MouseMoveEvent 278 217 0 0 0 0 0
MouseMoveEvent 278 217 0 0 0 0 0
MouseMoveEvent 278 218 0 0 0 0 0
MouseMoveEvent 278 218 0 0 0 0 0
MouseMoveEvent 278 219 0 0 0 0 0
MouseMoveEvent 278 219 0 0 0 0 0
MouseMoveEvent 278 220 0 0 0 0 0
MouseMoveEvent 278 220 0 0 0 0 0
MouseMoveEvent 278 222 0 0 0 0 0
MouseMoveEvent 278 222 0 0 0 0 0
MouseMoveEvent 277 223 0 0 0 0 0
MouseMoveEvent 277 223 0 0 0 0 0
MouseMoveEvent 277 225 0 0 0 0 0
MouseMoveEvent 277 225 0 0 0 0 0
MouseMoveEvent 276 225 0 0 0 0 0
MouseMoveEvent 276 225 0 0 0 0 0
MouseMoveEvent 276 226 0 0 0 0 0
MouseMoveEvent 276 226 0 0 0 0 0
MouseMoveEvent 276 227 0 0 0 0 0
MouseMoveEvent 276 227 0 0 0 0 0
MouseMoveEvent 276 227 0 0 0 0 0
MouseMoveEvent 276 227 0 0 0 0 0
MouseMoveEvent 276 228 0 0 0 0 0
MouseMoveEvent 276 228 0 0 0 0 0
MouseMoveEvent 275 228 0 0 0 0 0
MouseMoveEvent 275 228 0 0 0 0 0
MouseMoveEvent 275 228 0 0 0 0 0
MouseMoveEvent 275 228 0 0 0 0 0
MouseMoveEvent 275 229 0 0 0 0 0
MouseMoveEvent 275 229 0 0 0 0 0
MouseMoveEvent 275 229 0 0 0 0 0
MouseMoveEvent 275 229 0 0 0 0 0
MouseMoveEvent 275 230 0 0 0 0 0
MouseMoveEvent 275 230 0 0 0 0 0
MouseMoveEvent 274 231 0 0 0 0 0
MouseMoveEvent 274 231 0 0 0 0 0
MouseMoveEvent 274 232 0 0 0 0 0
MouseMoveEvent 274 232 0 0 0 0 0
MouseMoveEvent 273 233 0 0 0 0 0
MouseMoveEvent 273 233 0 0 0 0 0
MouseMoveEvent 273 234 0 0 0 0 0
MouseMoveEvent 273 234 0 0 0 0 0
MouseMoveEvent 273 234 0 0 0 0 0
MouseMoveEvent 273 234 0 0 0 0 0
MouseMoveEvent 272 235 0 0 0 0 0
MouseMoveEvent 272 235 0 0 0 0 0
MouseMoveEvent 272 235 0 0 0 0 0
MouseMoveEvent 272 235 0 0 0 0 0
MouseMoveEvent 272 236 0 0 0 0 0
MouseMoveEvent 272 236 0 0 0 0 0
LeftButtonPressEvent 272 236 0 0 0 0 0
StartInteractionEvent 272 236 0 0 0 0 0
MouseMoveEvent 272 236 0 0 0 0 0
RenderEvent 272 236 0 0 0 0 0
InteractionEvent 272 236 0 0 0 0 0
MouseMoveEvent 272 237 0 0 0 0 0
RenderEvent 272 237 0 0 0 0 0
InteractionEvent 272 237 0 0 0 0 0
MouseMoveEvent 272 238 0 0 0 0 0
RenderEvent 272 238 0 0 0 0 0
InteractionEvent 272 238 0 0 0 0 0
MouseMoveEvent 274 242 0 0 0 0 0
RenderEvent 274 242 0 0 0 0 0
InteractionEvent 274 242 0 0 0 0 0
MouseMoveEvent 276 246 0 0 0 0 0
RenderEvent 276 246 0 0 0 0 0
InteractionEvent 276 246 0 0 0 0 0
MouseMoveEvent 280 251 0 0 0 0 0
RenderEvent 280 251 0 0 0 0 0
InteractionEvent 280 251 0 0 0 0 0
MouseMoveEvent 284 257 0 0 0 0 0
RenderEvent 284 257 0 0 0 0 0
InteractionEvent 284 257 0 0 0 0 0
MouseMoveEvent 287 263 0 0 0 0 0
RenderEvent 287 263 0 0 0 0 0
InteractionEvent 287 263 0 0 0 0 0
MouseMoveEvent 292 269 0 0 0 0 0
RenderEvent 292 269 0 0 0 0 0
InteractionEvent 292 269 0 0 0 0 0
MouseMoveEvent 296 276 0 0 0 0 0
RenderEvent 296 276 0 0 0 0 0
InteractionEvent 296 276 0 0 0 0 0
MouseMoveEvent 301 283 0 0 0 0 0
RenderEvent 301 283 0 0 0 0 0
InteractionEvent 301 283 0 0 0 0 0
MouseMoveEvent 307 289 0 0 0 0 0
RenderEvent 307 289 0 0 0 0 0
InteractionEvent 307 289 0 0 0 0 0
MouseMoveEvent 312 296 0 0 0 0 0
RenderEvent 312 296 0 0 0 0 0
InteractionEvent 312 296 0 0 0 0 0
MouseMoveEvent 318 303 0 0 0 0 0
RenderEvent 318 303 0 0 0 0 0
InteractionEvent 318 303 0 0 0 0 0
MouseMoveEvent 324 309 0 0 0 0 0
RenderEvent 324 309 0 0 0 0 0
InteractionEvent 324 309 0 0 0 0 0
MouseMoveEvent 330 315 0 0 0 0 0
RenderEvent 330 315 0 0 0 0 0
InteractionEvent 330 315 0 0 0 0 0
MouseMoveEvent 338 324 0 0 0 0 0
RenderEvent 338 324 0 0 0 0 0
InteractionEvent 338 324 0 0 0 0 0
MouseMoveEvent 346 332 0 0 0 0 0
RenderEvent 346 332 0 0 0 0 0
InteractionEvent 346 332 0 0 0 0 0
MouseMoveEvent 353 338 0 0 0 0 0
RenderEvent 353 338 0 0 0 0 0
InteractionEvent 353 338 0 0 0 0 0
MouseMoveEvent 360 344 0 0 0 0 0
RenderEvent 360 344 0 0 0 0 0
InteractionEvent 360 344 0 0 0 0 0
MouseMoveEvent 369 351 0 0 0 0 0
RenderEvent 369 351 0 0 0 0 0
InteractionEvent 369 351 0 0 0 0 0
MouseMoveEvent 378 358 0 0 0 0 0
RenderEvent 378 358 0 0 0 0 0
InteractionEvent 378 358 0 0 0 0 0
MouseMoveEvent 387 366 0 0 0 0 0
RenderEvent 387 366 0 0 0 0 0
InteractionEvent 387 366 0 0 0 0 0
MouseMoveEvent 397 374 0 0 0 0 0
RenderEvent 397 374 0 0 0 0 0
InteractionEvent 397 374 0 0 0 0 0
MouseMoveEvent 406 383 0 0 0 0 0
RenderEvent 406 383 0 0 0 0 0
InteractionEvent 406 383 0 0 0 0 0
MouseMoveEvent 416 392 0 0 0 0 0
RenderEvent 416 392 0 0 0 0 0
InteractionEvent 416 392 0 0 0 0 0
MouseMoveEvent 425 401 0 0 0 0 0
RenderEvent 425 401 0 0 0 0 0
InteractionEvent 425 401 0 0 0 0 0
MouseMoveEvent 435 409 0 0 0 0 0
RenderEvent 435 409 0 0 0 0 0
InteractionEvent 435 409 0 0 0 0 0
MouseMoveEvent 443 417 0 0 0 0 0
RenderEvent 443 417 0 0 0 0 0
InteractionEvent 443 417 0 0 0 0 0
MouseMoveEvent 452 424 0 0 0 0 0
RenderEvent 452 424 0 0 0 0 0
InteractionEvent 452 424 0 0 0 0 0
MouseMoveEvent 462 432 0 0 0 0 0
RenderEvent 462 432 0 0 0 0 0
InteractionEvent 462 432 0 0 0 0 0
MouseMoveEvent 471 440 0 0 0 0 0
RenderEvent 471 440 0 0 0 0 0
InteractionEvent 471 440 0 0 0 0 0
MouseMoveEvent 480 449 0 0 0 0 0
RenderEvent 480 449 0 0 0 0 0
InteractionEvent 480 449 0 0 0 0 0
MouseMoveEvent 488 457 0 0 0 0 0
RenderEvent 488 457 0 0 0 0 0
InteractionEvent 488 457 0 0 0 0 0
MouseMoveEvent 496 464 0 0 0 0 0
RenderEvent 496 464 0 0 0 0 0
InteractionEvent 496 464 0 0 0 0 0
MouseMoveEvent 503 471 0 0 0 0 0
RenderEvent 503 471 0 0 0 0 0
InteractionEvent 503 471 0 0 0 0 0
MouseMoveEvent 511 478 0 0 0 0 0
RenderEvent 511 478 0 0 0 0 0
InteractionEvent 511 478 0 0 0 0 0
MouseMoveEvent 519 485 0 0 0 0 0
RenderEvent 519 485 0 0 0 0 0
InteractionEvent 519 485 0 0 0 0 0
MouseMoveEvent 527 493 0 0 0 0 0
RenderEvent 527 493 0 0 0 0 0
InteractionEvent 527 493 0 0 0 0 0
MouseMoveEvent 533 500 0 0 0 0 0
RenderEvent 533 500 0 0 0 0 0
InteractionEvent 533 500 0 0 0 0 0
MouseMoveEvent 540 508 0 0 0 0 0
RenderEvent 540 508 0 0 0 0 0
InteractionEvent 540 508 0 0 0 0 0
MouseMoveEvent 546 515 0 0 0 0 0
RenderEvent 546 515 0 0 0 0 0
InteractionEvent 546 515 0 0 0 0 0
MouseMoveEvent 552 521 0 0 0 0 0
RenderEvent 552 521 0 0 0 0 0
InteractionEvent 552 521 0 0 0 0 0
MouseMoveEvent 558 528 0 0 0 0 0
RenderEvent 558 528 0 0 0 0 0
InteractionEvent 558 528 0 0 0 0 0
MouseMoveEvent 563 533 0 0 0 0 0
RenderEvent 563 533 0 0 0 0 0
InteractionEvent 563 533 0 0 0 0 0
MouseMoveEvent 568 539 0 0 0 0 0
RenderEvent 568 539 0 0 0 0 0
InteractionEvent 568 539 0 0 0 0 0
MouseMoveEvent 574 545 0 0 0 0 0
RenderEvent 574 545 0 0 0 0 0
InteractionEvent 574 545 0 0 0 0 0
MouseMoveEvent 580 552 0 0 0 0 0
RenderEvent 580 552 0 0 0 0 0
InteractionEvent 580 552 0 0 0 0 0
MouseMoveEvent 586 559 0 0 0 0 0
RenderEvent 586 559 0 0 0 0 0
InteractionEvent 586 559 0 0 0 0 0
MouseMoveEvent 591 566 0 0 0 0 0
RenderEvent 591 566 0 0 0 0 0
InteractionEvent 591 566 0 0 0 0 0
MouseMoveEvent 595 572 0 0 0 0 0
RenderEvent 595 572 0 0 0 0 0
InteractionEvent 595 572 0 0 0 0 0
MouseMoveEvent 600 578 0 0 0 0 0
RenderEvent 600 578 0 0 0 0 0
InteractionEvent 600 578 0 0 0 0 0
MouseMoveEvent 604 583 0 0 0 0 0
RenderEvent 604 583 0 0 0 0 0
InteractionEvent 604 583 0 0 0 0 0
MouseMoveEvent 608 588 0 0 0 0 0
RenderEvent 608 588 0 0 0 0 0
InteractionEvent 608 588 0 0 0 0 0
MouseMoveEvent 611 592 0 0 0 0 0
RenderEvent 611 592 0 0 0 0 0
InteractionEvent 611 592 0 0 0 0 0
MouseMoveEvent 615 596 0 0 0 0 0
RenderEvent 615 596 0 0 0 0 0
InteractionEvent 615 596 0 0 0 0 0
MouseMoveEvent 618 600 0 0 0 0 0
RenderEvent 618 600 0 0 0 0 0
InteractionEvent 618 600 0 0 0 0 0
MouseMoveEvent 621 603 0 0 0 0 0
RenderEvent 621 603 0 0 0 0 0
InteractionEvent 621 603 0 0 0 0 0
MouseMoveEvent 624 607 0 0 0 0 0
RenderEvent 624 607 0 0 0 0 0
InteractionEvent 624 607 0 0 0 0 0
MouseMoveEvent 626 610 0 0 0 0 0
RenderEvent 626 610 0 0 0 0 0
InteractionEvent 626 610 0 0 0 0 0
MouseMoveEvent 629 613 0 0 0 0 0
RenderEvent 629 613 0 0 0 0 0
InteractionEvent 629 613 0 0 0 0 0
MouseMoveEvent 632 617 0 0 0 0 0
RenderEvent 632 617 0 0 0 0 0
InteractionEvent 632 617 0 0 0 0 0
MouseMoveEvent 634 620 0 0 0 0 0
RenderEvent 634 620 0 0 0 0 0
InteractionEvent 634 620 0 0 0 0 0
MouseMoveEvent 637 623 0 0 0 0 0
RenderEvent 637 623 0 0 0 0 0
InteractionEvent 637 623 0 0 0 0 0
MouseMoveEvent 638 625 0 0 0 0 0
RenderEvent 638 625 0 0 0 0 0
InteractionEvent 638 625 0 0 0 0 0
MouseMoveEvent 640 626 0 0 0 0 0
RenderEvent 640 626 0 0 0 0 0
InteractionEvent 640 626 0 0 0 0 0
MouseMoveEvent 640 627 0 0 0 0 0
RenderEvent 640 627 0 0 0 0 0
InteractionEvent 640 627 0 0 0 0 0
MouseMoveEvent 640 627 0 0 0 0 0
RenderEvent 640 627 0 0 0 0 0
InteractionEvent 640 627 0 0 0 0 0
MouseMoveEvent 641 627 0 0 0 0 0
RenderEvent 641 627 0 0 0 0 0
InteractionEvent 641 627 0 0 0 0 0
MouseMoveEvent 641 627 0 0 0 0 0
RenderEvent 641 627 0 0 0 0 0
InteractionEvent 641 627 0 0 0 0 0
MouseMoveEvent 641 627 0 0 0 0 0
RenderEvent 641 627 0 0 0 0 0
InteractionEvent 641 627 0 0 0 0 0
MouseMoveEvent 641 627 0 0 0 0 0
RenderEvent 641 627 0 0 0 0 0
InteractionEvent 641 627 0 0 0 0 0
MouseMoveEvent 641 625 0 0 0 0 0
RenderEvent 641 625 0 0 0 0 0
InteractionEvent 641 625 0 0 0 0 0
LeftButtonReleaseEvent 641 625 0 0 0 0 0
EndInteractionEvent 641 625 0 0 0 0 0
RenderEvent 641 625 0 0 0 0 0
MouseMoveEvent 641 625 0 0 0 0 0
MouseMoveEvent 641 625 0 0 0 0 0
MouseMoveEvent 640 623 0 0 0 0 0
MouseMoveEvent 640 623 0 0 0 0 0
MouseMoveEvent 636 619 0 0 0 0 0
MouseMoveEvent 636 619 0 0 0 0 0
MouseMoveEvent 633 616 0 0 0 0 0
MouseMoveEvent 633 616 0 0 0 0 0
MouseMoveEvent 627 610 0 0 0 0 0
MouseMoveEvent 627 610 0 0 0 0 0
MouseMoveEvent 620 605 0 0 0 0 0
MouseMoveEvent 620 605 0 0 0 0 0
MouseMoveEvent 612 599 0 0 0 0 0
MouseMoveEvent 612 599 0 0 0 0 0
MouseMoveEvent 603 591 0 0 0 0 0
MouseMoveEvent 603 591 0 0 0 0 0
MouseMoveEvent 591 583 0 0 0 0 0
MouseMoveEvent 591 583 0 0 0 0 0
MouseMoveEvent 581 574 0 0 0 0 0
MouseMoveEvent 581 574 0 0 0 0 0
MouseMoveEvent 571 565 0 0 0 0 0
MouseMoveEvent 571 565 0 0 0 0 0
MouseMoveEvent 561 556 0 0 0 0 0
MouseMoveEvent 561 556 0 0 0 0 0
MouseMoveEvent 551 549 0 0 0 0 0
MouseMoveEvent 551 549 0 0 0 0 0
MouseMoveEvent 543 541 0 0 0 0 0
MouseMoveEvent 543 541 0 0 0 0 0
MouseMoveEvent 536 535 0 0 0 0 0
MouseMoveEvent 536 535 0 0 0 0 0
MouseMoveEvent 530 529 0 0 0 0 0
MouseMoveEvent 530 529 0 0 0 0 0
MouseMoveEvent 523 524 0 0 0 0 0
MouseMoveEvent 523 524 0 0 0 0 0
MouseMoveEvent 518 519 0 0 0 0 0
MouseMoveEvent 518 519 0 0 0 0 0
MouseMoveEvent 513 515 0 0 0 0 0
MouseMoveEvent 513 515 0 0 0 0 0
MouseMoveEvent 508 511 0 0 0 0 0
MouseMoveEvent 508 511 0 0 0 0 0
MouseMoveEvent 504 507 0 0 0 0 0
MouseMoveEvent 504 507 0 0 0 0 0
MouseMoveEvent 499 503 0 0 0 0 0
MouseMoveEvent 499 503 0 0 0 0 0
MouseMoveEvent 494 498 0 0 0 0 0
MouseMoveEvent 494 498 0 0 0 0 0
MouseMoveEvent 490 494 0 0 0 0 0
MouseMoveEvent 490 494 0 0 0 0 0
MouseMoveEvent 488 492 0 0 0 0 0
MouseMoveEvent 488 492 0 0 0 0 0
MouseMoveEvent 482 485 0 0 0 0 0
MouseMoveEvent 482 485 0 0 0 0 0
MouseMoveEvent 480 483 0 0 0 0 0
MouseMoveEvent 480 483 0 0 0 0 0
MouseMoveEvent 477 479 0 0 0 0 0
MouseMoveEvent 477 479 0 0 0 0 0
MouseMoveEvent 474 476 0 0 0 0 0
MouseMoveEvent 474 476 0 0 0 0 0
MouseMoveEvent 472 473 0 0 0 0 0
MouseMoveEvent 472 473 0 0 0 0 0
MouseMoveEvent 470 470 0 0 0 0 0
MouseMoveEvent 470 470 0 0 0 0 0
MouseMoveEvent 467 468 0 0 0 0 0
MouseMoveEvent 467 468 0 0 0 0 0
MouseMoveEvent 466 467 0 0 0 0 0
MouseMoveEvent 466 467 0 0 0 0 0
MouseMoveEvent 465 466 0 0 0 0 0
MouseMoveEvent 465 466 0 0 0 0 0
MouseMoveEvent 465 465 0 0 0 0 0
MouseMoveEvent 465 465 0 0 0 0 0
MouseMoveEvent 464 465 0 0 0 0 0
MouseMoveEvent 464 465 0 0 0 0 0
MouseMoveEvent 464 464 0 0 0 0 0
MouseMoveEvent 464 464 0 0 0 0 0
MouseMoveEvent 463 464 0 0 0 0 0
MouseMoveEvent 463 464 0 0 0 0 0
MouseMoveEvent 463 463 0 0 0 0 0
MouseMoveEvent 463 463 0 0 0 0 0
MouseMoveEvent 462 463 0 0 0 0 0
MouseMoveEvent 462 463 0 0 0 0 0
MouseMoveEvent 462 462 0 0 0 0 0
MouseMoveEvent 462 462 0 0 0 0 0
MouseMoveEvent 461 461 0 0 0 0 0
MouseMoveEvent 461 461 0 0 0 0 0
MouseMoveEvent 460 460 0 0 0 0 0
MouseMoveEvent 460 460 0 0 0 0 0
MouseMoveEvent 458 459 0 0 0 0 0
MouseMoveEvent 458 459 0 0 0 0 0
MouseMoveEvent 457 457 0 0 0 0 0
MouseMoveEvent 457 457 0 0 0 0 0
MouseMoveEvent 455 456 0 0 0 0 0
MouseMoveEvent 455 456 0 0 0 0 0
MouseMoveEvent 453 454 0 0 0 0 0
MouseMoveEvent 453 454 0 0 0 0 0
MouseMoveEvent 451 452 0 0 0 0 0
MouseMoveEvent 451 452 0 0 0 0 0
MouseMoveEvent 450 451 0 0 0 0 0
MouseMoveEvent 450 451 0 0 0 0 0
MouseMoveEvent 448 450 0 0 0 0 0
MouseMoveEvent 448 450 0 0 0 0 0
MouseMoveEvent 447 449 0 0 0 0 0
MouseMoveEvent 447 449 0 0 0 0 0
MouseMoveEvent 446 449 0 0 0 0 0
MouseMoveEvent 446 449 0 0 0 0 0
MouseMoveEvent 446 448 0 0 0 0 0
MouseMoveEvent 446 448 0 0 0 0 0
MouseMoveEvent 445 448 0 0 0 0 0
MouseMoveEvent 445 448 0 0 0 0 0
MouseMoveEvent 445 447 0 0 0 0 0
MouseMoveEvent 445 447 0 0 0 0 0
MouseMoveEvent 445 447 0 0 0 0 0
MouseMoveEvent 445 447 0 0 0 0 0
MouseMoveEvent 444 447 0 0 0 0 0
MouseMoveEvent 444 447 0 0 0 0 0
MouseMoveEvent 444 447 0 0 0 0 0
MouseMoveEvent 444 447 0 0 0 0 0
MouseMoveEvent 443 446 0 0 0 0 0
MouseMoveEvent 443 446 0 0 0 0 0
MouseMoveEvent 443 446 0 0 0 0 0
MouseMoveEvent 443 446 0 0 0 0 0
MouseMoveEvent 443 445 0 0 0 0 0
MouseMoveEvent 443 445 0 0 0 0 0
MouseMoveEvent 442 445 0 0 0 0 0
MouseMoveEvent 442 445 0 0 0 0 0
MouseMoveEvent 442 444 0 0 0 0 0
MouseMoveEvent 442 444 0 0 0 0 0
MouseMoveEvent 441 444 0 0 0 0 0
MouseMoveEvent 441 444 0 0 0 0 0
MouseMoveEvent 441 443 0 0 0 0 0
MouseMoveEvent 441 443 0 0 0 0 0
MouseMoveEvent 441 443 0 0 0 0 0
MouseMoveEvent 441 443 0 0 0 0 0
MouseMoveEvent 440 443 0 0 0 0 0
MouseMoveEvent 440 443 0 0 0 0 0
MouseMoveEvent 440 442 0 0 0 0 0
MouseMoveEvent 440 442 0 0 0 0 0
MouseMoveEvent 439 442 0 0 0 0 0
MouseMoveEvent 439 442 0 0 0 0 0
MouseMoveEvent 439 442 0 0 0 0 0
MouseMoveEvent 439 442 0 0 0 0 0
MouseMoveEvent 438 441 0 0 0 0 0
MouseMoveEvent 438 441 0 0 0 0 0
MouseMoveEvent 438 439 0 0 0 0 0
MouseMoveEvent 438 439 0 0 0 0 0
MouseMoveEvent 438 438 0 0 0 0 0
MouseMoveEvent 438 438 0 0 0 0 0
MouseMoveEvent 436 436 0 0 0 0 0
MouseMoveEvent 436 436 0 0 0 0 0
MouseMoveEvent 435 433 0 0 0 0 0
MouseMoveEvent 435 433 0 0 0 0 0
MouseMoveEvent 434 430 0 0 0 0 0
MouseMoveEvent 434 430 0 0 0 0 0
MouseMoveEvent 432 427 0 0 0 0 0
MouseMoveEvent 432 427 0 0 0 0 0
MouseMoveEvent 431 425 0 0 0 0 0
MouseMoveEvent 431 425 0 0 0 0 0
MouseMoveEvent 429 423 0 0 0 0 0
MouseMoveEvent 429 423 0 0 0 0 0
MouseMoveEvent 428 420 0 0 0 0 0
MouseMoveEvent 428 420 0 0 0 0 0
MouseMoveEvent 426 418 0 0 0 0 0
MouseMoveEvent 426 418 0 0 0 0 0
MouseMoveEvent 426 417 0 0 0 0 0
MouseMoveEvent 426 417 0 0 0 0 0
MouseMoveEvent 425 416 0 0 0 0 0
MouseMoveEvent 425 416 0 0 0 0 0
MouseMoveEvent 424 415 0 0 0 0 0
MouseMoveEvent 424 415 0 0 0 0 0
MouseMoveEvent 423 414 0 0 0 0 0
MouseMoveEvent 423 414 0 0 0 0 0
MouseMoveEvent 423 414 0 0 0 0 0
MouseMoveEvent 423 414 0 0 0 0 0
MouseMoveEvent 423 413 0 0 0 0 0
MouseMoveEvent 423 413 0 0 0 0 0
MouseMoveEvent 423 413 0 0 0 0 0
MouseMoveEvent 423 413 0 0 0 0 0
MouseMoveEvent 422 412 0 0 0 0 0
MouseMoveEvent 422 412 0 0 0 0 0
MouseMoveEvent 422 412 0 0 0 0 0
MouseMoveEvent 422 412 0 0 0 0 0
MouseMoveEvent 422 411 0 0 0 0 0
MouseMoveEvent 422 411 0 0 0 0 0
MouseMoveEvent 421 411 0 0 0 0 0
MouseMoveEvent 421 411 0 0 0 0 0
MouseMoveEvent 420 410 0 0 0 0 0
MouseMoveEvent 420 410 0 0 0 0 0
MouseMoveEvent 420 409 0 0 0 0 0
MouseMoveEvent 420 409 0 0 0 0 0
MouseMoveEvent 419 408 0 0 0 0 0
MouseMoveEvent 419 408 0 0 0 0 0
MouseMoveEvent 417 407 0 0 0 0 0
MouseMoveEvent 417 407 0 0 0 0 0
MouseMoveEvent 415 405 0 0 0 0 0
MouseMoveEvent 415 405 0 0 0 0 0
MouseMoveEvent 414 403 0 0 0 0 0
MouseMoveEvent 414 403 0 0 0 0 0
MouseMoveEvent 412 402 0 0 0 0 0
MouseMoveEvent 412 402 0 0 0 0 0
MouseMoveEvent 411 401 0 0 0 0 0
MouseMoveEvent 411 401 0 0 0 0 0
MouseMoveEvent 410 400 0 0 0 0 0
MouseMoveEvent 410 400 0 0 0 0 0
MouseMoveEvent 409 399 0 0 0 0 0
MouseMoveEvent 409 399 0 0 0 0 0
MouseMoveEvent 408 398 0 0 0 0 0
MouseMoveEvent 408 398 0 0 0 0 0
MouseMoveEvent 408 398 0 0 0 0 0
MouseMoveEvent 408 398 0 0 0 0 0
MouseMoveEvent 407 397 0 0 0 0 0
MouseMoveEvent 407 397 0 0 0 0 0
MouseMoveEvent 407 397 0 0 0 0 0
MouseMoveEvent 407 397 0 0 0 0 0
MouseMoveEvent 407 397 0 0 0 0 0
MouseMoveEvent 407 397 0 0 0 0 0
MouseMoveEvent 407 396 0 0 0 0 0
MouseMoveEvent 407 396 0 0 0 0 0
MouseMoveEvent 406 396 0 0 0 0 0
MouseMoveEvent 406 396 0 0 0 0 0
MouseMoveEvent 406 396 0 0 0 0 0
MouseMoveEvent 406 396 0 0 0 0 0
MouseMoveEvent 405 395 0 0 0 0 0
MouseMoveEvent 405 395 0 0 0 0 0
MouseMoveEvent 404 394 0 0 0 0 0
MouseMoveEvent 404 394 0 0 0 0 0
MouseMoveEvent 403 394 0 0 0 0 0
MouseMoveEvent 403 394 0 0 0 0 0
MouseMoveEvent 402 393 0 0 0 0 0
MouseMoveEvent 402 393 0 0 0 0 0
MouseMoveEvent 401 392 0 0 0 0 0
MouseMoveEvent 401 392 0 0 0 0 0
MouseMoveEvent 399 391 0 0 0 0 0
MouseMoveEvent 399 391 0 0 0 0 0
MouseMoveEvent 398 390 0 0 0 0 0
MouseMoveEvent 398 390 0 0 0 0 0
MouseMoveEvent 396 389 0 0 0 0 0
MouseMoveEvent 396 389 0 0 0 0 0
MouseMoveEvent 395 388 0 0 0 0 0
MouseMoveEvent 395 388 0 0 0 0 0
MouseMoveEvent 395 388 0 0 0 0 0
MouseMoveEvent 395 388 0 0 0 0 0
MouseMoveEvent 394 386 0 0 0 0 0
MouseMoveEvent 394 386 0 0 0 0 0
MouseMoveEvent 393 386 0 0 0 0 0
MouseMoveEvent 393 386 0 0 0 0 0
MouseMoveEvent 393 385 0 0 0 0 0
MouseMoveEvent 393 385 0 0 0 0 0
MouseMoveEvent 392 385 0 0 0 0 0
MouseMoveEvent 392 385 0 0 0 0 0
MouseMoveEvent 391 384 0 0 0 0 0
MouseMoveEvent 391 384 0 0 0 0 0
MouseMoveEvent 391 384 0 0 0 0 0
MouseMoveEvent 391 384 0 0 0 0 0
MouseMoveEvent 391 383 0 0 0 0 0
MouseMoveEvent 391 383 0 0 0 0 0
MouseMoveEvent 391 383 0 0 0 0 0
MouseMoveEvent 391 383 0 0 0 0 0
MouseMoveEvent 390 383 0 0 0 0 0
MouseMoveEvent 390 383 0 0 0 0 0
MouseMoveEvent 390 382 0 0 0 0 0
MouseMoveEvent 390 382 0 0 0 0 0
MouseMoveEvent 389 382 0 0 0 0 0
MouseMoveEvent 389 382 0 0 0 0 0
MouseMoveEvent 389 381 0 0 0 0 0
MouseMoveEvent 389 381 0 0 0 0 0
MouseMoveEvent 388 381 0 0 0 0 0
MouseMoveEvent 388 381 0 0 0 0 0
MouseMoveEvent 388 380 0 0 0 0 0
MouseMoveEvent 388 380 0 0 0 0 0
MouseMoveEvent 387 379 0 0 0 0 0
MouseMoveEvent 387 379 0 0 0 0 0
MouseMoveEvent 387 378 0 0 0 0 0
MouseMoveEvent 387 378 0 0 0 0 0
MouseMoveEvent 386 377 0 0 0 0 0
MouseMoveEvent 386 377 0 0 0 0 0
MouseMoveEvent 385 376 0 0 0 0 0
MouseMoveEvent 385 376 0 0 0 0 0
MouseMoveEvent 385 376 0 0 0 0 0
MouseMoveEvent 385 376 0 0 0 0 0
MouseMoveEvent 384 375 0 0 0 0 0
MouseMoveEvent 384 375 0 0 0 0 0
MouseMoveEvent 384 375 0 0 0 0 0
MouseMoveEvent 384 375 0 0 0 0 0
MouseMoveEvent 384 374 0 0 0 0 0
MouseMoveEvent 384 374 0 0 0 0 0
MouseMoveEvent 383 374 0 0 0 0 0
MouseMoveEvent 383 374 0 0 0 0 0
MouseMoveEvent 383 374 0 0 0 0 0
MouseMoveEvent 383 374 0 0 0 0 0
MouseMoveEvent 382 374 0 0 0 0 0
MouseMoveEvent 382 374 0 0 0 0 0
MouseMoveEvent 382 374 0 0 0 0 0
MouseMoveEvent 382 374 0 0 0 0 0
MouseMoveEvent 381 374 0 0 0 0 0
MouseMoveEvent 381 374 0 0 0 0 0
MouseMoveEvent 380 374 0 0 0 0 0
MouseMoveEvent 380 374 0 0 0 0 0
MouseMoveEvent 379 374 0 0 0 0 0
MouseMoveEvent 379 374 0 0 0 0 0
MouseMoveEvent 379 375 0 0 0 0 0
MouseMoveEvent 379 375 0 0 0 0 0
MouseMoveEvent 378 375 0 0 0 0 0
MouseMoveEvent 378 375 0 0 0 0 0
MouseMoveEvent 377 375 0 0 0 0 0
MouseMoveEvent 377 375 0 0 0 0 0
MouseMoveEvent 377 375 0 0 0 0 0
MouseMoveEvent 377 375 0 0 0 0 0
MouseMoveEvent 376 375 0 0 0 0 0
MouseMoveEvent 376 375 0 0 0 0 0
MouseMoveEvent 376 375 0 0 0 0 0
MouseMoveEvent 376 375 0 0 0 0 0
MouseMoveEvent 376 376 0 0 0 0 0
MouseMoveEvent 376 376 0 0 0 0 0
LeftButtonPressEvent 376 376 0 0 0 0 0
StartInteractionEvent 376 376 0 0 0 0 0
LeftButtonReleaseEvent 376 376 0 0 0 0 0
EndInteractionEvent 376 376 0 0 0 0 0
RenderEvent 376 376 0 0 0 0 0
MouseMoveEvent 376 376 0 0 0 0 0
MouseMoveEvent 376 376 0 0 0 0 0
MouseMoveEvent 376 380 0 0 0 0 0
MouseMoveEvent 376 380 0 0 0 0 0
MouseMoveEvent 376 383 0 0 0 0 0
MouseMoveEvent 376 383 0 0 0 0 0
MouseMoveEvent 379 386 0 0 0 0 0
MouseMoveEvent 379 386 0 0 0 0 0
MouseMoveEvent 383 391 0 0 0 0 0
MouseMoveEvent 383 391 0 0 0 0 0
MouseMoveEvent 387 395 0 0 0 0 0
MouseMoveEvent 387 395 0 0 0 0 0
MouseMoveEvent 392 401 0 0 0 0 0
MouseMoveEvent 392 401 0 0 0 0 0
MouseMoveEvent 396 406 0 0 0 0 0
MouseMoveEvent 396 406 0 0 0 0 0
MouseMoveEvent 401 412 0 0 0 0 0
MouseMoveEvent 401 412 0 0 0 0 0
MouseMoveEvent 407 417 0 0 0 0 0
MouseMoveEvent 407 417 0 0 0 0 0
MouseMoveEvent 412 425 0 0 0 0 0
MouseMoveEvent 412 425 0 0 0 0 0
MouseMoveEvent 418 432 0 0 0 0 0
MouseMoveEvent 418 432 0 0 0 0 0
MouseMoveEvent 425 440 0 0 0 0 0
MouseMoveEvent 425 440 0 0 0 0 0
MouseMoveEvent 434 451 0 0 0 0 0
MouseMoveEvent 434 451 0 0 0 0 0
MouseMoveEvent 441 459 0 0 0 0 0
MouseMoveEvent 441 459 0 0 0 0 0
MouseMoveEvent 451 469 0 0 0 0 0
MouseMoveEvent 451 469 0 0 0 0 0
MouseMoveEvent 461 481 0 0 0 0 0
MouseMoveEvent 461 481 0 0 0 0 0
MouseMoveEvent 469 491 0 0 0 0 0
MouseMoveEvent 469 491 0 0 0 0 0
MouseMoveEvent 480 505 0 0 0 0 0
MouseMoveEvent 480 505 0 0 0 0 0
MouseMoveEvent 490 514 0 0 0 0 0
MouseMoveEvent 490 514 0 0 0 0 0
MouseMoveEvent 498 525 0 0 0 0 0
MouseMoveEvent 498 525 0 0 0 0 0
MouseMoveEvent 507 535 0 0 0 0 0
MouseMoveEvent 507 535 0 0 0 0 0
MouseMoveEvent 514 543 0 0 0 0 0
MouseMoveEvent 514 543 0 0 0 0 0
MouseMoveEvent 521 551 0 0 0 0 0
MouseMoveEvent 521 551 0 0 0 0 0
MouseMoveEvent 528 559 0 0 0 0 0
MouseMoveEvent 528 559 0 0 0 0 0
MouseMoveEvent 535 566 0 0 0 0 0
MouseMoveEvent 535 566 0 0 0 0 0
MouseMoveEvent 542 574 0 0 0 0 0
MouseMoveEvent 542 574 0 0 0 0 0
MouseMoveEvent 548 581 0 0 0 0 0
MouseMoveEvent 548 581 0 0 0 0 0
MouseMoveEvent 555 589 0 0 0 0 0
MouseMoveEvent 555 589 0 0 0 0 0
MouseMoveEvent 562 596 0 0 0 0 0
MouseMoveEvent 562 596 0 0 0 0 0
MouseMoveEvent 567 603 0 0 0 0 0
MouseMoveEvent 567 603 0 0 0 0 0
MouseMoveEvent 574 608 0 0 0 0 0
MouseMoveEvent 574 608 0 0 0 0 0
MouseMoveEvent 580 614 0 0 0 0 0
MouseMoveEvent 580 614 0 0 0 0 0
MouseMoveEvent 585 619 0 0 0 0 0
MouseMoveEvent 585 619 0 0 0 0 0
MouseMoveEvent 587 621 0 0 0 0 0
MouseMoveEvent 587 621 0 0 0 0 0
MouseMoveEvent 595 628 0 0 0 0 0
MouseMoveEvent 595 628 0 0 0 0 0
MouseMoveEvent 600 633 0 0 0 0 0
MouseMoveEvent 600 633 0 0 0 0 0
MouseMoveEvent 606 638 0 0 0 0 0
MouseMoveEvent 606 638 0 0 0 0 0
MouseMoveEvent 612 643 0 0 0 0 0
MouseMoveEvent 612 643 0 0 0 0 0
MouseMoveEvent 619 648 0 0 0 0 0
MouseMoveEvent 619 648 0 0 0 0 0
MouseMoveEvent 625 654 0 0 0 0 0
MouseMoveEvent 625 654 0 0 0 0 0
MouseMoveEvent 632 660 0 0 0 0 0
MouseMoveEvent 632 660 0 0 0 0 0
MouseMoveEvent 639 666 0 0 0 0 0
MouseMoveEvent 639 666 0 0 0 0 0
MouseMoveEvent 646 672 0 0 0 0 0
MouseMoveEvent 646 672 0 0 0 0 0
MouseMoveEvent 649 675 0 0 0 0 0
MouseMoveEvent 649 675 0 0 0 0 0
MouseMoveEvent 654 679 0 0 0 0 0
MouseMoveEvent 654 679 0 0 0 0 0
MouseMoveEvent 659 683 0 0 0 0 0
MouseMoveEvent 659 683 0 0 0 0 0
MouseMoveEvent 663 686 0 0 0 0 0
MouseMoveEvent 663 686 0 0 0 0 0
MouseMoveEvent 667 689 0 0 0 0 0
MouseMoveEvent 667 689 0 0 0 0 0
MouseMoveEvent 673 694 0 0 0 0 0
MouseMoveEvent 673 694 0 0 0 0 0
MouseMoveEvent 675 696 0 0 0 0 0
MouseMoveEvent 675 696 0 0 0 0 0
MouseMoveEvent 678 698 0 0 0 0 0
MouseMoveEvent 678 698 0 0 0 0 0
MouseMoveEvent 682 701 0 0 0 0 0
MouseMoveEvent 682 701 0 0 0 0 0
MouseMoveEvent 686 705 0 0 0 0 0
MouseMoveEvent 686 705 0 0 0 0 0
MouseMoveEvent 692 708 0 0 0 0 0
MouseMoveEvent 692 708 0 0 0 0 0
MouseMoveEvent 694 710 0 0 0 0 0
MouseMoveEvent 694 710 0 0 0 0 0
MouseMoveEvent 697 712 0 0 0 0 0
MouseMoveEvent 697 712 0 0 0 0 0
MouseMoveEvent 701 715 0 0 0 0 0
MouseMoveEvent 701 715 0 0 0 0 0
MouseMoveEvent 704 717 0 0 0 0 0
MouseMoveEvent 704 717 0 0 0 0 0
MouseMoveEvent 706 719 0 0 0 0 0
MouseMoveEvent 706 719 0 0 0 0 0
MouseMoveEvent 708 720 0 0 0 0 0
MouseMoveEvent 708 720 0 0 0 0 0
MouseMoveEvent 710 722 0 0 0 0 0
MouseMoveEvent 710 722 0 0 0 0 0
MouseMoveEvent 712 723 0 0 0 0 0
MouseMoveEvent 712 723 0 0 0 0 0
MouseMoveEvent 713 725 0 0 0 0 0
MouseMoveEvent 713 725 0 0 0 0 0
MouseMoveEvent 715 726 0 0 0 0 0
MouseMoveEvent 715 726 0 0 0 0 0
MouseMoveEvent 716 727 0 0 0 0 0
MouseMoveEvent 716 727 0 0 0 0 0
MouseMoveEvent 718 728 0 0 0 0 0
MouseMoveEvent 718 728 0 0 0 0 0
MouseMoveEvent 720 730 0 0 0 0 0
MouseMoveEvent 720 730 0 0 0 0 0
MouseMoveEvent 721 732 0 0 0 0 0
MouseMoveEvent 721 732 0 0 0 0 0
MouseMoveEvent 723 734 0 0 0 0 0
MouseMoveEvent 723 734 0 0 0 0 0
MouseMoveEvent 725 735 0 0 0 0 0
MouseMoveEvent 725 735 0 0 0 0 0
MouseMoveEvent 727 737 0 0 0 0 0
MouseMoveEvent 727 737 0 0 0 0 0
MouseMoveEvent 728 738 0 0 0 0 0
MouseMoveEvent 728 738 0 0 0 0 0
MouseMoveEvent 730 739 0 0 0 0 0
MouseMoveEvent 730 739 0 0 0 0 0
MouseMoveEvent 731 740 0 0 0 0 0
MouseMoveEvent 731 740 0 0 0 0 0
MouseMoveEvent 732 741 0 0 0 0 0
MouseMoveEvent 732 741 0 0 0 0 0
MouseMoveEvent 732 742 0 0 0 0 0
MouseMoveEvent 732 742 0 0 0 0 0
MouseMoveEvent 733 742 0 0 0 0 0
MouseMoveEvent 733 742 0 0 0 0 0
MouseMoveEvent 733 743 0 0 0 0 0
MouseMoveEvent 733 743 0 0 0 0 0
MouseMoveEvent 734 743 0 0 0 0 0
MouseMoveEvent 734 743 0 0 0 0 0
MouseMoveEvent 734 743 0 0 0 0 0
MouseMoveEvent 734 743 0 0 0 0 0
MouseMoveEvent 734 744 0 0 0 0 0
MouseMoveEvent 734 744 0 0 0 0 0
MouseMoveEvent 735 744 0 0 0 0 0
MouseMoveEvent 735 744 0 0 0 0 0
MouseMoveEvent 735 745 0 0 0 0 0
MouseMoveEvent 735 745 0 0 0 0 0
MouseMoveEvent 736 746 0 0 0 0 0
MouseMoveEvent 736 746 0 0 0 0 0
MouseMoveEvent 737 747 0 0 0 0 0
MouseMoveEvent 737 747 0 0 0 0 0
MouseMoveEvent 738 749 0 0 0 0 0
MouseMoveEvent 738 749 0 0 0 0 0
MouseMoveEvent 739 750 0 0 0 0 0
MouseMoveEvent 739 750 0 0 0 0 0
MouseMoveEvent 741 751 0 0 0 0 0
MouseMoveEvent 741 751 0 0 0 0 0
MouseMoveEvent 742 753 0 0 0 0 0
MouseMoveEvent 742 753 0 0 0 0 0
MouseMoveEvent 743 754 0 0 0 0 0
MouseMoveEvent 743 754 0 0 0 0 0
MouseMoveEvent 744 755 0 0 0 0 0
MouseMoveEvent 744 755 0 0 0 0 0
MouseMoveEvent 745 756 0 0 0 0 0
MouseMoveEvent 745 756 0 0 0 0 0
MouseMoveEvent 745 757 0 0 0 0 0
MouseMoveEvent 745 757 0 0 0 0 0
MouseMoveEvent 746 758 0 0 0 0 0
MouseMoveEvent 746 758 0 0 0 0 0
MouseMoveEvent 746 758 0 0 0 0 0
MouseMoveEvent 746 758 0 0 0 0 0
MouseMoveEvent 747 758 0 0 0 0 0
MouseMoveEvent 747 758 0 0 0 0 0
MouseMoveEvent 747 758 0 0 0 0 0
MouseMoveEvent 747 758 0 0 0 0 0
MouseMoveEvent 747 759 0 0 0 0 0
MouseMoveEvent 747 759 0 0 0 0 0
MouseMoveEvent 748 759 0 0 0 0 0
MouseMoveEvent 748 759 0 0 0 0 0
MouseMoveEvent 748 759 0 0 0 0 0
MouseMoveEvent 748 759 0 0 0 0 0
MouseMoveEvent 748 759 0 0 0 0 0
MouseMoveEvent 748 759 0 0 0 0 0
MouseMoveEvent 748 760 0 0 0 0 0
MouseMoveEvent 748 760 0 0 0 0 0
MouseMoveEvent 749 760 0 0 0 0 0
MouseMoveEvent 749 760 0 0 0 0 0
MouseMoveEvent 749 760 0 0 0 0 0
MouseMoveEvent 749 760 0 0 0 0 0
MouseMoveEvent 750 760 0 0 0 0 0
MouseMoveEvent 750 760 0 0 0 0 0
MouseMoveEvent 750 761 0 0 0 0 0
MouseMoveEvent 750 761 0 0 0 0 0
MouseMoveEvent 751 761 0 0 0 0 0
MouseMoveEvent 751 761 0 0 0 0 0
MouseMoveEvent 751 762 0 0 0 0 0
MouseMoveEvent 751 762 0 0 0 0 0
MouseMoveEvent 752 762 0 0 0 0 0
MouseMoveEvent 752 762 0 0 0 0 0
MouseMoveEvent 752 762 0 0 0 0 0
MouseMoveEvent 752 762 0 0 0 0 0
LeftButtonPressEvent 752 762 0 0 0 0 0
StartInteractionEvent 752 762 0 0 0 0 0
MouseMoveEvent 752 762 0 0 0 0 0
RenderEvent 752 762 0 0 0 0 0
InteractionEvent 752 762 0 0 0 0 0
MouseMoveEvent 751 759 0 0 0 0 0
RenderEvent 751 759 0 0 0 0 0
InteractionEvent 751 759 0 0 0 0 0
MouseMoveEvent 748 751 0 0 0 0 0
RenderEvent 748 751 0 0 0 0 0
InteractionEvent 748 751 0 0 0 0 0
MouseMoveEvent 742 739 0 0 0 0 0
RenderEvent 742 739 0 0 0 0 0
InteractionEvent 742 739 0 0 0 0 0
MouseMoveEvent 734 727 0 0 0 0 0
RenderEvent 734 727 0 0 0 0 0
InteractionEvent 734 727 0 0 0 0 0
MouseMoveEvent 727 714 0 0 0 0 0
RenderEvent 727 714 0 0 0 0 0
InteractionEvent 727 714 0 0 0 0 0
MouseMoveEvent 719 701 0 0 0 0 0
RenderEvent 719 701 0 0 0 0 0
InteractionEvent 719 701 0 0 0 0 0
MouseMoveEvent 712 688 0 0 0 0 0
RenderEvent 712 688 0 0 0 0 0
InteractionEvent 712 688 0 0 0 0 0
MouseMoveEvent 706 676 0 0 0 0 0
RenderEvent 706 676 0 0 0 0 0
InteractionEvent 706 676 0 0 0 0 0
MouseMoveEvent 699 664 0 0 0 0 0
RenderEvent 699 664 0 0 0 0 0
InteractionEvent 699 664 0 0 0 0 0
MouseMoveEvent 691 652 0 0 0 0 0
RenderEvent 691 652 0 0 0 0 0
InteractionEvent 691 652 0 0 0 0 0
MouseMoveEvent 683 638 0 0 0 0 0
RenderEvent 683 638 0 0 0 0 0
InteractionEvent 683 638 0 0 0 0 0
MouseMoveEvent 673 622 0 0 0 0 0
RenderEvent 673 622 0 0 0 0 0
InteractionEvent 673 622 0 0 0 0 0
MouseMoveEvent 663 607 0 0 0 0 0
RenderEvent 663 607 0 0 0 0 0
InteractionEvent 663 607 0 0 0 0 0
MouseMoveEvent 655 595 0 0 0 0 0
RenderEvent 655 595 0 0 0 0 0
InteractionEvent 655 595 0 0 0 0 0
MouseMoveEvent 648 585 0 0 0 0 0
RenderEvent 648 585 0 0 0 0 0
InteractionEvent 648 585 0 0 0 0 0
MouseMoveEvent 641 576 0 0 0 0 0
RenderEvent 641 576 0 0 0 0 0
InteractionEvent 641 576 0 0 0 0 0
MouseMoveEvent 636 569 0 0 0 0 0
RenderEvent 636 569 0 0 0 0 0
InteractionEvent 636 569 0 0 0 0 0
MouseMoveEvent 630 561 0 0 0 0 0
RenderEvent 630 561 0 0 0 0 0
InteractionEvent 630 561 0 0 0 0 0
MouseMoveEvent 623 552 0 0 0 0 0
RenderEvent 623 552 0 0 0 0 0
InteractionEvent 623 552 0 0 0 0 0
MouseMoveEvent 616 544 0 0 0 0 0
RenderEvent 616 544 0 0 0 0 0
InteractionEvent 616 544 0 0 0 0 0
MouseMoveEvent 609 536 0 0 0 0 0
RenderEvent 609 536 0 0 0 0 0
InteractionEvent 609 536 0 0 0 0 0
MouseMoveEvent 600 526 0 0 0 0 0
RenderEvent 600 526 0 0 0 0 0
InteractionEvent 600 526 0 0 0 0 0
MouseMoveEvent 591 516 0 0 0 0 0
RenderEvent 591 516 0 0 0 0 0
InteractionEvent 591 516 0 0 0 0 0
MouseMoveEvent 583 506 0 0 0 0 0
RenderEvent 583 506 0 0 0 0 0
InteractionEvent 583 506 0 0 0 0 0
MouseMoveEvent 574 496 0 0 0 0 0
RenderEvent 574 496 0 0 0 0 0
InteractionEvent 574 496 0 0 0 0 0
MouseMoveEvent 565 485 0 0 0 0 0
RenderEvent 565 485 0 0 0 0 0
InteractionEvent 565 485 0 0 0 0 0
MouseMoveEvent 556 473 0 0 0 0 0
RenderEvent 556 473 0 0 0 0 0
InteractionEvent 556 473 0 0 0 0 0
MouseMoveEvent 546 459 0 0 0 0 0
RenderEvent 546 459 0 0 0 0 0
InteractionEvent 546 459 0 0 0 0 0
MouseMoveEvent 536 445 0 0 0 0 0
RenderEvent 536 445 0 0 0 0 0
InteractionEvent 536 445 0 0 0 0 0
MouseMoveEvent 525 429 0 0 0 0 0
RenderEvent 525 429 0 0 0 0 0
InteractionEvent 525 429 0 0 0 0 0
MouseMoveEvent 515 414 0 0 0 0 0
RenderEvent 515 414 0 0 0 0 0
InteractionEvent 515 414 0 0 0 0 0
MouseMoveEvent 505 399 0 0 0 0 0
RenderEvent 505 399 0 0 0 0 0
InteractionEvent 505 399 0 0 0 0 0
MouseMoveEvent 496 386 0 0 0 0 0
RenderEvent 496 386 0 0 0 0 0
InteractionEvent 496 386 0 0 0 0 0
MouseMoveEvent 488 373 0 0 0 0 0
RenderEvent 488 373 0 0 0 0 0
InteractionEvent 488 373 0 0 0 0 0
MouseMoveEvent 481 361 0 0 0 0 0
RenderEvent 481 361 0 0 0 0 0
InteractionEvent 481 361 0 0 0 0 0
MouseMoveEvent 474 349 0 0 0 0 0
RenderEvent 474 349 0 0 0 0 0
InteractionEvent 474 349 0 0 0 0 0
MouseMoveEvent 467 337 0 0 0 0 0
RenderEvent 467 337 0 0 0 0 0
InteractionEvent 467 337 0 0 0 0 0
MouseMoveEvent 460 325 0 0 0 0 0
RenderEvent 460 325 0 0 0 0 0
InteractionEvent 460 325 0 0 0 0 0
MouseMoveEvent 455 314 0 0 0 0 0
RenderEvent 455 314 0 0 0 0 0
InteractionEvent 455 314 0 0 0 0 0
MouseMoveEvent 449 305 0 0 0 0 0
RenderEvent 449 305 0 0 0 0 0
InteractionEvent 449 305 0 0 0 0 0
MouseMoveEvent 444 296 0 0 0 0 0
RenderEvent 444 296 0 0 0 0 0
InteractionEvent 444 296 0 0 0 0 0
MouseMoveEvent 439 288 0 0 0 0 0
RenderEvent 439 288 0 0 0 0 0
InteractionEvent 439 288 0 0 0 0 0
MouseMoveEvent 435 281 0 0 0 0 0
RenderEvent 435 281 0 0 0 0 0
InteractionEvent 435 281 0 0 0 0 0
MouseMoveEvent 431 276 0 0 0 0 0
RenderEvent 431 276 0 0 0 0 0
InteractionEvent 431 276 0 0 0 0 0
MouseMoveEvent 428 270 0 0 0 0 0
RenderEvent 428 270 0 0 0 0 0
InteractionEvent 428 270 0 0 0 0 0
MouseMoveEvent 425 266 0 0 0 0 0
RenderEvent 425 266 0 0 0 0 0
InteractionEvent 425 266 0 0 0 0 0
MouseMoveEvent 423 262 0 0 0 0 0
RenderEvent 423 262 0 0 0 0 0
InteractionEvent 423 262 0 0 0 0 0
MouseMoveEvent 421 259 0 0 0 0 0
RenderEvent 421 259 0 0 0 0 0
InteractionEvent 421 259 0 0 0 0 0
MouseMoveEvent 419 256 0 0 0 0 0
RenderEvent 419 256 0 0 0 0 0
InteractionEvent 419 256 0 0 0 0 0
MouseMoveEvent 417 254 0 0 0 0 0
RenderEvent 417 254 0 0 0 0 0
InteractionEvent 417 254 0 0 0 0 0
MouseMoveEvent 416 253 0 0 0 0 0
RenderEvent 416 253 0 0 0 0 0
InteractionEvent 416 253 0 0 0 0 0
MouseMoveEvent 415 252 0 0 0 0 0
RenderEvent 415 252 0 0 0 0 0
InteractionEvent 415 252 0 0 0 0 0
MouseMoveEvent 414 251 0 0 0 0 0
RenderEvent 414 251 0 0 0 0 0
InteractionEvent 414 251 0 0 0 0 0
MouseMoveEvent 414 250 0 0 0 0 0
RenderEvent 414 250 0 0 0 0 0
InteractionEvent 414 250 0 0 0 0 0
LeftButtonReleaseEvent 414 250 0 0 0 0 0
EndInteractionEvent 414 250 0 0 0 0 0
RenderEvent 414 250 0 0 0 0 0
MouseMoveEvent 413 249 0 0 0 0 0
MouseMoveEvent 413 249 0 0 0 0 0
MouseMoveEvent 413 251 0 0 0 0 0
MouseMoveEvent 413 251 0 0 0 0 0
MouseMoveEvent 414 254 0 0 0 0 0
MouseMoveEvent 414 254 0 0 0 0 0
MouseMoveEvent 415 259 0 0 0 0 0
MouseMoveEvent 415 259 0 0 0 0 0
MouseMoveEvent 419 266 0 0 0 0 0
MouseMoveEvent 419 266 0 0 0 0 0
MouseMoveEvent 423 274 0 0 0 0 0
MouseMoveEvent 423 274 0 0 0 0 0
MouseMoveEvent 428 283 0 0 0 0 0
MouseMoveEvent 428 283 0 0 0 0 0
MouseMoveEvent 435 297 0 0 0 0 0
MouseMoveEvent 435 297 0 0 0 0 0
MouseMoveEvent 444 315 0 0 0 0 0
MouseMoveEvent 444 315 0 0 0 0 0
MouseMoveEvent 453 333 0 0 0 0 0
MouseMoveEvent 453 333 0 0 0 0 0
MouseMoveEvent 464 356 0 0 0 0 0
MouseMoveEvent 464 356 0 0 0 0 0
MouseMoveEvent 475 378 0 0 0 0 0
MouseMoveEvent 475 378 0 0 0 0 0
MouseMoveEvent 484 401 0 0 0 0 0
MouseMoveEvent 484 401 0 0 0 0 0
MouseMoveEvent 495 423 0 0 0 0 0
MouseMoveEvent 495 423 0 0 0 0 0
MouseMoveEvent 506 445 0 0 0 0 0
MouseMoveEvent 506 445 0 0 0 0 0
MouseMoveEvent 520 468 0 0 0 0 0
MouseMoveEvent 520 468 0 0 0 0 0
MouseMoveEvent 531 489 0 0 0 0 0
MouseMoveEvent 531 489 0 0 0 0 0
MouseMoveEvent 536 498 0 0 0 0 0
MouseMoveEvent 536 498 0 0 0 0 0
MouseMoveEvent 547 517 0 0 0 0 0
MouseMoveEvent 547 517 0 0 0 0 0
MouseMoveEvent 557 534 0 0 0 0 0
MouseMoveEvent 557 534 0 0 0 0 0
MouseMoveEvent 565 548 0 0 0 0 0
MouseMoveEvent 565 548 0 0 0 0 0
MouseMoveEvent 574 563 0 0 0 0 0
MouseMoveEvent 574 563 0 0 0 0 0
MouseMoveEvent 582 576 0 0 0 0 0
MouseMoveEvent 582 576 0 0 0 0 0
MouseMoveEvent 590 589 0 0 0 0 0
MouseMoveEvent 590 589 0 0 0 0 0
MouseMoveEvent 598 600 0 0 0 0 0
MouseMoveEvent 598 600 0 0 0 0 0
MouseMoveEvent 605 611 0 0 0 0 0
MouseMoveEvent 605 611 0 0 0 0 0
MouseMoveEvent 611 620 0 0 0 0 0
MouseMoveEvent 611 620 0 0 0 0 0
MouseMoveEvent 617 628 0 0 0 0 0
MouseMoveEvent 617 628 0 0 0 0 0
MouseMoveEvent 622 636 0 0 0 0 0
MouseMoveEvent 622 636 0 0 0 0 0
MouseMoveEvent 627 642 0 0 0 0 0
MouseMoveEvent 627 642 0 0 0 0 0
MouseMoveEvent 632 649 0 0 0 0 0
MouseMoveEvent 632 649 0 0 0 0 0
MouseMoveEvent 634 652 0 0 0 0 0
MouseMoveEvent 634 652 0 0 0 0 0
MouseMoveEvent 640 660 0 0 0 0 0
MouseMoveEvent 640 660 0 0 0 0 0
MouseMoveEvent 644 665 0 0 0 0 0
MouseMoveEvent 644 665 0 0 0 0 0
MouseMoveEvent 649 669 0 0 0 0 0
MouseMoveEvent 649 669 0 0 0 0 0
MouseMoveEvent 652 674 0 0 0 0 0
MouseMoveEvent 652 674 0 0 0 0 0
MouseMoveEvent 655 679 0 0 0 0 0
MouseMoveEvent 655 679 0 0 0 0 0
MouseMoveEvent 660 685 0 0 0 0 0
MouseMoveEvent 660 685 0 0 0 0 0
MouseMoveEvent 662 687 0 0 0 0 0
MouseMoveEvent 662 687 0 0 0 0 0
MouseMoveEvent 668 695 0 0 0 0 0
MouseMoveEvent 668 695 0 0 0 0 0
MouseMoveEvent 671 699 0 0 0 0 0
MouseMoveEvent 671 699 0 0 0 0 0
MouseMoveEvent 675 704 0 0 0 0 0
MouseMoveEvent 675 704 0 0 0 0 0
MouseMoveEvent 677 706 0 0 0 0 0
MouseMoveEvent 677 706 0 0 0 0 0
MouseMoveEvent 681 710 0 0 0 0 0
MouseMoveEvent 681 710 0 0 0 0 0
MouseMoveEvent 684 714 0 0 0 0 0
MouseMoveEvent 684 714 0 0 0 0 0
MouseMoveEvent 687 718 0 0 0 0 0
MouseMoveEvent 687 718 0 0 0 0 0
MouseMoveEvent 690 721 0 0 0 0 0
MouseMoveEvent 690 721 0 0 0 0 0
MouseMoveEvent 692 724 0 0 0 0 0
MouseMoveEvent 692 724 0 0 0 0 0
MouseMoveEvent 695 727 0 0 0 0 0
MouseMoveEvent 695 727 0 0 0 0 0
MouseMoveEvent 697 729 0 0 0 0 0
MouseMoveEvent 697 729 0 0 0 0 0
MouseMoveEvent 699 731 0 0 0 0 0
MouseMoveEvent 699 731 0 0 0 0 0
MouseMoveEvent 701 733 0 0 0 0 0
MouseMoveEvent 701 733 0 0 0 0 0
MouseMoveEvent 702 734 0 0 0 0 0
MouseMoveEvent 702 734 0 0 0 0 0
MouseMoveEvent 703 735 0 0 0 0 0
MouseMoveEvent 703 735 0 0 0 0 0
MouseMoveEvent 705 736 0 0 0 0 0
MouseMoveEvent 705 736 0 0 0 0 0
MouseMoveEvent 705 736 0 0 0 0 0
MouseMoveEvent 705 736 0 0 0 0 0
MouseMoveEvent 706 736 0 0 0 0 0
MouseMoveEvent 706 736 0 0 0 0 0
MouseMoveEvent 706 737 0 0 0 0 0
MouseMoveEvent 706 737 0 0 0 0 0
MouseMoveEvent 707 737 0 0 0 0 0
MouseMoveEvent 707 737 0 0 0 0 0
MouseMoveEvent 707 737 0 0 0 0 0
MouseMoveEvent 707 737 0 0 0 0 0
MouseMoveEvent 708 737 0 0 0 0 0
MouseMoveEvent 708 737 0 0 0 0 0
MouseMoveEvent 708 738 0 0 0 0 0
MouseMoveEvent 708 738 0 0 0 0 0
MouseMoveEvent 709 738 0 0 0 0 0
MouseMoveEvent 709 738 0 0 0 0 0
MouseMoveEvent 710 740 0 0 0 0 0
MouseMoveEvent 710 740 0 0 0 0 0
MouseMoveEvent 712 740 0 0 0 0 0
MouseMoveEvent 712 740 0 0 0 0 0
MouseMoveEvent 713 741 0 0 0 0 0
MouseMoveEvent 713 741 0 0 0 0 0
MouseMoveEvent 715 742 0 0 0 0 0
MouseMoveEvent 715 742 0 0 0 0 0
MouseMoveEvent 716 744 0 0 0 0 0
MouseMoveEvent 716 744 0 0 0 0 0
MouseMoveEvent 717 745 0 0 0 0 0
MouseMoveEvent 717 745 0 0 0 0 0
MouseMoveEvent 718 745 0 0 0 0 0
MouseMoveEvent 718 745 0 0 0 0 0
MouseMoveEvent 719 746 0 0 0 0 0
MouseMoveEvent 719 746 0 0 0 0 0
MouseMoveEvent 719 746 0 0 0 0 0
MouseMoveEvent 719 746 0 0 0 0 0
MouseMoveEvent 720 747 0 0 0 0 0
MouseMoveEvent 720 747 0 0 0 0 0
MouseMoveEvent 720 747 0 0 0 0 0
MouseMoveEvent 720 747 0 0 0 0 0
MouseMoveEvent 720 747 0 0 0 0 0
MouseMoveEvent 720 747 0 0 0 0 0
LeftButtonPressEvent 720 747 0 0 0 0 0
StartInteractionEvent 720 747 0 0 0 0 0
LeftButtonReleaseEvent 720 747 0 0 0 0 0
EndInteractionEvent 720 747 0 0 0 0 0
RenderEvent 720 747 0 0 0 0 0
KeyPressEvent 720 747 0 32 1 space 0
ExitEvent 720 747 0 32 1 space 0
CharEvent 720 747 0 32 1 space 0
